==========================================
SLURM_JOB_ID = 6146587
SLURM_JOB_NODELIST = d05-28
TMPDIR = /tmp/SLURM_6146587
==========================================
8 threads
al = 4.103942e+01 4.103942e+01 4.103942e+01
lc = 16 16 16
rc = 2.564964e+00 2.564964e+00 2.564964e+00
nglob = 55296
CPU & COMT = 1.039644e+01 2.026137e-02
4 threads
al = 4.103942e+01 4.103942e+01 4.103942e+01
lc = 16 16 16
rc = 2.564964e+00 2.564964e+00 2.564964e+00
nglob = 55296
CPU & COMT = 1.027740e+01 2.244982e-02
2 threads
al = 4.103942e+01 4.103942e+01 4.103942e+01
lc = 16 16 16
rc = 2.564964e+00 2.564964e+00 2.564964e+00
nglob = 55296
CPU & COMT = 1.354275e+01 2.133156e-02
1 thread
al = 4.103942e+01 4.103942e+01 4.103942e+01
lc = 16 16 16
rc = 2.564964e+00 2.564964e+00 2.564964e+00
nglob = 55296
CPU & COMT = 1.497344e+01 1.721305e-02
