==========================================
SLURM_JOB_ID = 6084410
SLURM_JOB_NODELIST = d17-[25-28]
TMPDIR = /tmp/SLURM_6084410
==========================================
***** Asynchronous *****
al = 5.129928e+00 5.129928e+00 5.129928e+00
lc = 2 2 2
rc = 2.564964e+00 2.564964e+00 2.564964e+00
nglob = 1728
CPU & COMT = 4.786958e-01 1.208095e-01
***** Synchronous *****
al = 5.129928e+00 5.129928e+00 5.129928e+00
lc = 2 2 2
rc = 2.564964e+00 2.564964e+00 2.564964e+00
nglob = 1728
CPU & COMT = 5.092771e-01 1.549152e-01
***** Asynchronous *****
al = 5.129928e+00 5.129928e+00 5.129928e+00
lc = 2 2 2
rc = 2.564964e+00 2.564964e+00 2.564964e+00
nglob = 1728
CPU & COMT = 4.799510e-01 1.194604e-01
***** Synchronous *****
al = 5.129928e+00 5.129928e+00 5.129928e+00
lc = 2 2 2
rc = 2.564964e+00 2.564964e+00 2.564964e+00
nglob = 1728
CPU & COMT = 5.149350e-01 1.550839e-01
***** Asynchronous *****
al = 5.129928e+00 5.129928e+00 5.129928e+00
lc = 2 2 2
rc = 2.564964e+00 2.564964e+00 2.564964e+00
nglob = 1728
CPU & COMT = 4.789694e-01 1.215933e-01
***** Synchronous *****
al = 5.129928e+00 5.129928e+00 5.129928e+00
lc = 2 2 2
rc = 2.564964e+00 2.564964e+00 2.564964e+00
nglob = 1728
CPU & COMT = 5.079503e-01 1.526357e-01
